This is XeTeX, Version 3.14159265-2.6-0.999991 (TeX Live 2019/W32TeX) (preloaded format=xelatex 2020.3.18)  31 MAR 2020 15:06
entering extended mode
 restricted \write18 enabled.
 %&-line parsing enabled.
**TII.tex
(./TII.tex
LaTeX2e <2018-12-01>
(./IEEEtran.cls
Document Class: IEEEtran 2015/08/26 V1.8b by Michael Shell
-- See the "IEEEtran_HOWTO" manual for usage information.
-- http://www.michaelshell.org/tex/ieeetran/
\@IEEEtrantmpdimenA=\dimen102
\@IEEEtrantmpdimenB=\dimen103
\@IEEEtrantmpdimenC=\dimen104
\@IEEEtrantmpcountA=\count80
\@IEEEtrantmpcountB=\count81
\@IEEEtrantmpcountC=\count82
\@IEEEtrantmptoksA=\toks14
LaTeX Font Info:    Try loading font information for TU+ptm on input line 503.
LaTeX Font Info:    No file TUptm.fd. on input line 503.

LaTeX Font Warning: Font shape `TU/ptm/m/n' undefined
(Font)              using `TU/lmr/m/n' instead on input line 503.

-- Using 8.5in x 11in (letter) paper.
-- Using DVI output.
\@IEEEnormalsizeunitybaselineskip=\dimen105
-- This is a 10 point document.
\CLASSINFOnormalsizebaselineskip=\dimen106
\CLASSINFOnormalsizeunitybaselineskip=\dimen107
\IEEEnormaljot=\dimen108

LaTeX Font Warning: Font shape `TU/ptm/bx/n' undefined
(Font)              using `TU/ptm/m/n' instead on input line 1090.


LaTeX Font Warning: Font shape `TU/ptm/m/it' undefined
(Font)              using `TU/ptm/m/n' instead on input line 1090.


LaTeX Font Warning: Font shape `TU/ptm/bx/it' undefined
(Font)              using `TU/ptm/bx/n' instead on input line 1090.

\IEEEquantizedlength=\dimen109
\IEEEquantizedlengthdiff=\dimen110
\IEEEquantizedtextheightdiff=\dimen111
\IEEEilabelindentA=\dimen112
\IEEEilabelindentB=\dimen113
\IEEEilabelindent=\dimen114
\IEEEelabelindent=\dimen115
\IEEEdlabelindent=\dimen116
\IEEElabelindent=\dimen117
\IEEEiednormlabelsep=\dimen118
\IEEEiedmathlabelsep=\dimen119
\IEEEiedtopsep=\skip41
\c@section=\count83
\c@subsection=\count84
\c@subsubsection=\count85
\c@paragraph=\count86
\c@IEEEsubequation=\count87
\abovecaptionskip=\skip42
\belowcaptionskip=\skip43
\c@figure=\count88
\c@table=\count89
\@IEEEeqnnumcols=\count90
\@IEEEeqncolcnt=\count91
\@IEEEsubeqnnumrollback=\count92
\@IEEEquantizeheightA=\dimen120
\@IEEEquantizeheightB=\dimen121
\@IEEEquantizeheightC=\dimen122
\@IEEEquantizeprevdepth=\dimen123
\@IEEEquantizemultiple=\count93
\@IEEEquantizeboxA=\box27
\@IEEEtmpitemindent=\dimen124
\IEEEPARstartletwidth=\dimen125
\c@IEEEbiography=\count94
\@IEEEtranrubishbin=\box28
) (d:/texlive/2019/texmf-dist/tex/latex/graphics/graphicx.sty
Package: graphicx 2017/06/01 v1.1a Enhanced LaTeX Graphics (DPC,SPQR)

(d:/texlive/2019/texmf-dist/tex/latex/graphics/keyval.sty
Package: keyval 2014/10/28 v1.15 key=value parser (DPC)
\KV@toks@=\toks15
)
(d:/texlive/2019/texmf-dist/tex/latex/graphics/graphics.sty
Package: graphics 2017/06/25 v1.2c Standard LaTeX Graphics (DPC,SPQR)

(d:/texlive/2019/texmf-dist/tex/latex/graphics/trig.sty
Package: trig 2016/01/03 v1.10 sin cos tan (DPC)
)
(d:/texlive/2019/texmf-dist/tex/latex/graphics-cfg/graphics.cfg
File: graphics.cfg 2016/06/04 v1.11 sample graphics configuration
)
Package graphics Info: Driver file: xetex.def on input line 99.

(d:/texlive/2019/texmf-dist/tex/latex/graphics-def/xetex.def
File: xetex.def 2017/06/24 v5.0h Graphics/color driver for xetex
))
\Gin@req@height=\dimen126
\Gin@req@width=\dimen127
)
(d:/texlive/2019/texmf-dist/tex/latex/subfigure/subfigure.sty
Package: subfigure 2002/03/15 v2.1.5 subfigure package
\subfigtopskip=\skip44
\subfigcapskip=\skip45
\subfigcaptopadj=\dimen128
\subfigbottomskip=\skip46
\subfigcapmargin=\dimen129
\subfiglabelskip=\skip47
\c@subfigure=\count95
\c@lofdepth=\count96
\c@subtable=\count97
\c@lotdepth=\count98

****************************************
* Local config file subfigure.cfg used *
****************************************
(d:/texlive/2019/texmf-dist/tex/latex/subfigure/subfigure.cfg)
\subfig@top=\skip48
\subfig@bottom=\skip49
)
(d:/texlive/2019/texmf-dist/tex/latex/hyperref/hyperref.sty
Package: hyperref 2018/11/30 v6.88e Hypertext links for LaTeX

(d:/texlive/2019/texmf-dist/tex/generic/oberdiek/hobsub-hyperref.sty
Package: hobsub-hyperref 2016/05/16 v1.14 Bundle oberdiek, subset hyperref (HO)


(d:/texlive/2019/texmf-dist/tex/generic/oberdiek/hobsub-generic.sty
Package: hobsub-generic 2016/05/16 v1.14 Bundle oberdiek, subset generic (HO)
Package: hobsub 2016/05/16 v1.14 Construct package bundles (HO)
Package: infwarerr 2016/05/16 v1.4 Providing info/warning/error messages (HO)
Package: ltxcmds 2016/05/16 v1.23 LaTeX kernel commands for general use (HO)
Package: ifluatex 2016/05/16 v1.4 Provides the ifluatex switch (HO)
Package ifluatex Info: LuaTeX not detected.
Package: ifvtex 2016/05/16 v1.6 Detect VTeX and its facilities (HO)
Package ifvtex Info: VTeX not detected.
Package: intcalc 2016/05/16 v1.2 Expandable calculations with integers (HO)
Package: ifpdf 2018/09/07 v3.3 Provides the ifpdf switch
Package: etexcmds 2016/05/16 v1.6 Avoid name clashes with e-TeX commands (HO)
Package: kvsetkeys 2016/05/16 v1.17 Key value parser (HO)
Package: kvdefinekeys 2016/05/16 v1.4 Define keys (HO)
Package: pdftexcmds 2018/09/10 v0.29 Utility functions of pdfTeX for LuaTeX (HO
)
Package pdftexcmds Info: LuaTeX not detected.
Package pdftexcmds Info: pdfTeX >= 1.30 not detected.
Package pdftexcmds Info: \pdf@primitive is available.
Package pdftexcmds Info: \pdf@ifprimitive is available.
Package pdftexcmds Info: \pdfdraftmode not found.
Package: pdfescape 2016/05/16 v1.14 Implements pdfTeX's escape features (HO)
Package: bigintcalc 2016/05/16 v1.4 Expandable calculations on big integers (HO
)
Package: bitset 2016/05/16 v1.2 Handle bit-vector datatype (HO)
Package: uniquecounter 2016/05/16 v1.3 Provide unlimited unique counter (HO)
)
Package hobsub Info: Skipping package `hobsub' (already loaded).
Package: letltxmacro 2016/05/16 v1.5 Let assignment for LaTeX macros (HO)
Package: hopatch 2016/05/16 v1.3 Wrapper for package hooks (HO)
Package: xcolor-patch 2016/05/16 xcolor patch
Package: atveryend 2016/05/16 v1.9 Hooks at the very end of document (HO)
Package atveryend Info: \enddocument detected (standard20110627).
Package: atbegshi 2016/06/09 v1.18 At begin shipout hook (HO)
Package: refcount 2016/05/16 v3.5 Data extraction from label references (HO)
Package: hycolor 2016/05/16 v1.8 Color options for hyperref/bookmark (HO)
)
(d:/texlive/2019/texmf-dist/tex/generic/ifxetex/ifxetex.sty
Package: ifxetex 2010/09/12 v0.6 Provides ifxetex conditional
)
(d:/texlive/2019/texmf-dist/tex/latex/oberdiek/auxhook.sty
Package: auxhook 2016/05/16 v1.4 Hooks for auxiliary files (HO)
)
(d:/texlive/2019/texmf-dist/tex/latex/oberdiek/kvoptions.sty
Package: kvoptions 2016/05/16 v3.12 Key value format for package options (HO)
)
\@linkdim=\dimen130
\Hy@linkcounter=\count99
\Hy@pagecounter=\count100

(d:/texlive/2019/texmf-dist/tex/latex/hyperref/pd1enc.def
File: pd1enc.def 2018/11/30 v6.88e Hyperref: PDFDocEncoding definition (HO)
)
\Hy@SavedSpaceFactor=\count101

(d:/texlive/2019/texmf-dist/tex/latex/latexconfig/hyperref.cfg
File: hyperref.cfg 2002/06/06 v1.2 hyperref configuration of TeXLive
)
Package hyperref Info: Hyper figures OFF on input line 4519.
Package hyperref Info: Link nesting OFF on input line 4524.
Package hyperref Info: Hyper index ON on input line 4527.
Package hyperref Info: Plain pages OFF on input line 4534.
Package hyperref Info: Backreferencing OFF on input line 4539.
Package hyperref Info: Implicit mode ON; LaTeX internals redefined.
Package hyperref Info: Bookmarks ON on input line 4772.
\c@Hy@tempcnt=\count102

(d:/texlive/2019/texmf-dist/tex/latex/url/url.sty
\Urlmuskip=\muskip10
Package: url 2013/09/16  ver 3.4  Verb mode for urls, etc.
)
LaTeX Info: Redefining \url on input line 5125.
\XeTeXLinkMargin=\dimen131
\Fld@menulength=\count103
\Field@Width=\dimen132
\Fld@charsize=\dimen133
Package hyperref Info: Hyper figures OFF on input line 6380.
Package hyperref Info: Link nesting OFF on input line 6385.
Package hyperref Info: Hyper index ON on input line 6388.
Package hyperref Info: backreferencing OFF on input line 6395.
Package hyperref Info: Link coloring OFF on input line 6400.
Package hyperref Info: Link coloring with OCG OFF on input line 6405.
Package hyperref Info: PDF/A mode OFF on input line 6410.
LaTeX Info: Redefining \ref on input line 6450.
LaTeX Info: Redefining \pageref on input line 6454.
\Hy@abspage=\count104
\c@Item=\count105
\c@Hfootnote=\count106
)
Package hyperref Info: Driver (autodetected): hxetex.

(d:/texlive/2019/texmf-dist/tex/latex/hyperref/hxetex.def
File: hxetex.def 2018/11/30 v6.88e Hyperref driver for XeTeX

(d:/texlive/2019/texmf-dist/tex/latex/hyperref/puenc.def
File: puenc.def 2018/11/30 v6.88e Hyperref: PDF Unicode definition (HO)
)
(d:/texlive/2019/texmf-dist/tex/generic/oberdiek/stringenc.sty
Package: stringenc 2016/05/16 v1.11 Convert strings between diff. encodings (HO
)
)
\pdfm@box=\box29
\c@Hy@AnnotLevel=\count107
\HyField@AnnotCount=\count108
\Fld@listcount=\count109
\c@bookmark@seq@number=\count110

(d:/texlive/2019/texmf-dist/tex/latex/oberdiek/rerunfilecheck.sty
Package: rerunfilecheck 2016/05/16 v1.8 Rerun checks for auxiliary files (HO)
Package uniquecounter Info: New unique counter `rerunfilecheck' on input line 2
82.
)
\Hy@SectionHShift=\skip50
)
(d:/texlive/2019/texmf-dist/tex/latex/multirow/multirow.sty
Package: multirow 2019/01/01 v2.4 Span multiple rows of a table
\multirow@colwidth=\skip51
\multirow@cntb=\count111
\multirow@dima=\skip52
\bigstrutjot=\dimen134
)
(d:/texlive/2019/texmf-dist/tex/latex/amsmath/amsmath.sty
Package: amsmath 2018/12/01 v2.17b AMS math features
\@mathmargin=\skip53

For additional information on amsmath, use the `?' option.
(d:/texlive/2019/texmf-dist/tex/latex/amsmath/amstext.sty
Package: amstext 2000/06/29 v2.01 AMS text

(d:/texlive/2019/texmf-dist/tex/latex/amsmath/amsgen.sty
File: amsgen.sty 1999/11/30 v2.0 generic functions
\@emptytoks=\toks16
\ex@=\dimen135
))
(d:/texlive/2019/texmf-dist/tex/latex/amsmath/amsbsy.sty
Package: amsbsy 1999/11/29 v1.2d Bold Symbols
\pmbraise@=\dimen136
)
(d:/texlive/2019/texmf-dist/tex/latex/amsmath/amsopn.sty
Package: amsopn 2016/03/08 v2.02 operator names
)
\inf@bad=\count112
LaTeX Info: Redefining \frac on input line 223.
\uproot@=\count113
\leftroot@=\count114
LaTeX Info: Redefining \overline on input line 385.
\classnum@=\count115
\DOTSCASE@=\count116
LaTeX Info: Redefining \ldots on input line 482.
LaTeX Info: Redefining \dots on input line 485.
LaTeX Info: Redefining \cdots on input line 606.
\Mathstrutbox@=\box30
\strutbox@=\box31
\big@size=\dimen137
LaTeX Font Info:    Redeclaring font encoding OML on input line 729.
LaTeX Font Info:    Redeclaring font encoding OMS on input line 730.
\macc@depth=\count117
\c@MaxMatrixCols=\count118
\dotsspace@=\muskip11
\c@parentequation=\count119
\dspbrk@lvl=\count120
\tag@help=\toks17
\row@=\count121
\column@=\count122
\maxfields@=\count123
\andhelp@=\toks18
\eqnshift@=\dimen138
\alignsep@=\dimen139
\tagshift@=\dimen140
\tagwidth@=\dimen141
\totwidth@=\dimen142
\lineht@=\dimen143
\@envbody=\toks19
\multlinegap=\skip54
\multlinetaggap=\skip55
\mathdisplay@stack=\toks20
LaTeX Info: Redefining \[ on input line 2844.
LaTeX Info: Redefining \] on input line 2845.
) (./TII.aux)
\openout1 = `TII.aux'.

LaTeX Font Info:    Checking defaults for OML/cmm/m/it on input line 369.
LaTeX Font Info:    ... okay on input line 369.
LaTeX Font Info:    Checking defaults for T1/cmr/m/n on input line 369.
LaTeX Font Info:    ... okay on input line 369.
LaTeX Font Info:    Checking defaults for OT1/cmr/m/n on input line 369.
LaTeX Font Info:    ... okay on input line 369.
LaTeX Font Info:    Checking defaults for OMS/cmsy/m/n on input line 369.
LaTeX Font Info:    ... okay on input line 369.
LaTeX Font Info:    Checking defaults for TU/lmr/m/n on input line 369.
LaTeX Font Info:    ... okay on input line 369.
LaTeX Font Info:    Checking defaults for OMX/cmex/m/n on input line 369.
LaTeX Font Info:    ... okay on input line 369.
LaTeX Font Info:    Checking defaults for U/cmr/m/n on input line 369.
LaTeX Font Info:    ... okay on input line 369.
LaTeX Font Info:    Checking defaults for PD1/pdf/m/n on input line 369.
LaTeX Font Info:    ... okay on input line 369.
LaTeX Font Info:    Checking defaults for PU/pdf/m/n on input line 369.
LaTeX Font Info:    ... okay on input line 369.

-- Lines per column: 58 (exact).
\AtBeginShipoutBox=\box32
Package hyperref Info: Link coloring OFF on input line 369.
(d:/texlive/2019/texmf-dist/tex/latex/hyperref/nameref.sty
Package: nameref 2016/05/21 v2.44 Cross-referencing by name of section

(d:/texlive/2019/texmf-dist/tex/generic/oberdiek/gettitlestring.sty
Package: gettitlestring 2016/05/16 v1.5 Cleanup title references (HO)
)
\c@section@level=\count124
)
LaTeX Info: Redefining \ref on input line 369.
LaTeX Info: Redefining \pageref on input line 369.
LaTeX Info: Redefining \nameref on input line 369.

(./TII.out) (./TII.out)
\@outlinefile=\write3
\openout3 = `TII.out'.



LaTeX Font Warning: Font shape `TU/ptm/m/sc' undefined
(Font)              using `TU/ptm/m/n' instead on input line 544.

(d:/texlive/2019/texmf-dist/tex/generic/oberdiek/se-ascii-print.def
File: se-ascii-print.def 2016/05/16 v1.11 stringenc: Printable ASCII characters

)
File: ../pictures/image0000.png Graphic file (type bmp)
<../pictures/image0000.png>
File: ../pictures/image0001.png Graphic file (type bmp)
<../pictures/image0001.png>
File: ../pictures/image0002.png Graphic file (type bmp)
<../pictures/image0002.png>
File: ../pictures/image0003.png Graphic file (type bmp)
<../pictures/image0003.png>
 [1


]
[2]
File: ../pictures/system.png Graphic file (type bmp)
<../pictures/system.png>
 [3]
File: ../pictures/display.png Graphic file (type bmp)
<../pictures/display.png>
File: ../pictures/BasicMapping.png Graphic file (type bmp)
<../pictures/BasicMapping.png>
 [4]
File: ../pictures/newuav.png Graphic file (type bmp)
<../pictures/newuav.png>
 [5]
File: ../pictures/building1.png Graphic file (type bmp)
<../pictures/building1.png>
File: ../pictures/building2.png Graphic file (type bmp)
<../pictures/building2.png>
File: ../pictures/building3.png Graphic file (type bmp)
<../pictures/building3.png>
File: ../pictures/building4.png Graphic file (type bmp)
<../pictures/building4.png>
File: ../pictures/building5.png Graphic file (type bmp)
<../pictures/building5.png>
File: ../pictures/building6.png Graphic file (type bmp)
<../pictures/building6.png>
File: ../pictures/car1.png Graphic file (type bmp)
<../pictures/car1.png>
File: ../pictures/car2.png Graphic file (type bmp)
<../pictures/car2.png>
File: ../pictures/car3.png Graphic file (type bmp)
<../pictures/car3.png>
File: ../pictures/car4.png Graphic file (type bmp)
<../pictures/car4.png>
File: ../pictures/car5.png Graphic file (type bmp)
<../pictures/car5.png>
File: ../pictures/car6.png Graphic file (type bmp)
<../pictures/car6.png>
File: ../pictures/room1.png Graphic file (type bmp)
<../pictures/room1.png>
File: ../pictures/room2.png Graphic file (type bmp)
<../pictures/room2.png>
File: ../pictures/room3.png Graphic file (type bmp)
<../pictures/room3.png>
File: ../pictures/room4.png Graphic file (type bmp)
<../pictures/room4.png>
File: ../pictures/room5.png Graphic file (type bmp)
<../pictures/room5.png>
File: ../pictures/room6.png Graphic file (type bmp)
<../pictures/room6.png>
File: ../pictures/stone2.png Graphic file (type bmp)
<../pictures/stone2.png>
File: ../pictures/stone1.png Graphic file (type bmp)
<../pictures/stone1.png>
File: ../pictures/stone4.png Graphic file (type bmp)
<../pictures/stone4.png>
File: ../pictures/stone3.png Graphic file (type bmp)
<../pictures/stone3.png>
File: ../pictures/truck2.png Graphic file (type bmp)
<../pictures/truck2.png>
File: ../pictures/truck1.png Graphic file (type bmp)
<../pictures/truck1.png>
File: ../pictures/truck4.png Graphic file (type bmp)
<../pictures/truck4.png>
File: ../pictures/truck3.png Graphic file (type bmp)
<../pictures/truck3.png>
File: ../pictures/eva_suv.png Graphic file (type bmp)
<../pictures/eva_suv.png>
File: ../pictures/eva_building.png Graphic file (type bmp)
<../pictures/eva_building.png>
 (./TII.bbl [6] [7]
Underfull \hbox (badness 1810) in paragraph at lines 157--161
[]\TU/ptm/m/sc/8 C. Rognon, S. Mintchev, F. Dell’Agnola, A. Cherpillod,
 []

)
Package atveryend Info: Empty hook `BeforeClearDocument' on input line 2129.
 [8]
Package atveryend Info: Empty hook `AfterLastShipout' on input line 2129.
 (./TII.aux)
Package atveryend Info: Empty hook `AtVeryEndDocument' on input line 2129.
Package atveryend Info: Executing hook `AtEndAfterFileList' on input line 2129.

Package rerunfilecheck Info: File `TII.out' has not changed.
(rerunfilecheck)             Checksum: 6BB84C53260CE6F20ABBEE0035813939.


LaTeX Font Warning: Some font shapes were not available, defaults substituted.

Package atveryend Info: Empty hook `AtVeryVeryEnd' on input line 2129.
 ) 
Here is how much of TeX's memory you used:
 9798 strings out of 492922
 142291 string characters out of 6136751
 249462 words of memory out of 5000000
 13751 multiletter control sequences out of 15000+600000
 7952 words of font info for 40 fonts, out of 8000000 for 9000
 1351 hyphenation exceptions out of 8191
 28i,9n,45p,538b,467s stack positions out of 5000i,500n,10000p,200000b,80000s

Output written on TII.pdf (8 pages).
